*** Error 23 "C:\Program Files (x86)\PICC\devices\18f4550.h" Line 2(8,9): Can not change device type this far into the code
*** Error 48 "C:\Program Files (x86)\PICC\devices\18f4550.h" Line 204(2,6): Expecting a (
*** Error 48 "C:\Program Files (x86)\PICC\devices\18f4550.h" Line 204(21,26): Expecting a (
*** Error 43 "C:\Program Files (x86)\PICC\devices\18f4550.h" Line 204(0,1): Expecting a declaration
*** Error 23 "c:\users\matías\google drive\electronica\quinto año\técnicas digitales iii\proyecto usb\usb.c" Line 159(8,9): Can not change device type this far into the code
*** Error 48 "c:\users\matías\google drive\electronica\quinto año\técnicas digitales iii\proyecto usb\usb.c" Line 159(9,12): Expecting a (
*** Error 43 "c:\users\matías\google drive\electronica\quinto año\técnicas digitales iii\proyecto usb\usb.c" Line 159(13,14): Expecting a declaration
*** Error 23 "C:\Program Files (x86)\PICC\devices\18f4550.h" Line 2(8,9): Can not change device type this far into the code
*** Error 48 "C:\Program Files (x86)\PICC\devices\18f4550.h" Line 204(2,6): Expecting a (
*** Error 48 "C:\Program Files (x86)\PICC\devices\18f4550.h" Line 204(21,26): Expecting a (
*** Error 43 "C:\Program Files (x86)\PICC\devices\18f4550.h" Line 204(0,1): Expecting a declaration
*** Error 23 "c:\users\matías\google drive\electronica\quinto año\técnicas digitales iii\proyecto usb\usb.c" Line 159(8,9): Can not change device type this far into the code
*** Error 48 "c:\users\matías\google drive\electronica\quinto año\técnicas digitales iii\proyecto usb\usb.c" Line 159(9,12): Expecting a (
*** Error 43 "c:\users\matías\google drive\electronica\quinto año\técnicas digitales iii\proyecto usb\usb.c" Line 159(13,14): Expecting a declaration
*** Error 23 "C:\Program Files (x86)\PICC\devices\18f4550.h" Line 2(8,9): Can not change device type this far into the code
*** Error 48 "C:\Program Files (x86)\PICC\devices\18f4550.h" Line 204(2,6): Expecting a (
*** Error 48 "C:\Program Files (x86)\PICC\devices\18f4550.h" Line 204(21,26): Expecting a (
*** Error 43 "C:\Program Files (x86)\PICC\devices\18f4550.h" Line 204(0,1): Expecting a declaration
*** Error 23 "c:\users\matías\google drive\electronica\quinto año\técnicas digitales iii\proyecto usb\usb.c" Line 159(8,9): Can not change device type this far into the code
*** Error 48 "c:\users\matías\google drive\electronica\quinto año\técnicas digitales iii\proyecto usb\usb.c" Line 159(9,12): Expecting a (
*** Error 43 "c:\users\matías\google drive\electronica\quinto año\técnicas digitales iii\proyecto usb\usb.c" Line 159(13,14): Expecting a declaration
*** Error 23 "C:\Program Files (x86)\PICC\devices\18f4550.h" Line 2(8,9): Can not change device type this far into the code
*** Error 48 "C:\Program Files (x86)\PICC\devices\18f4550.h" Line 204(2,6): Expecting a (
*** Error 48 "C:\Program Files (x86)\PICC\devices\18f4550.h" Line 204(21,26): Expecting a (
*** Error 43 "C:\Program Files (x86)\PICC\devices\18f4550.h" Line 204(0,1): Expecting a declaration
*** Error 23 "c:\users\matías\google drive\electronica\quinto año\técnicas digitales iii\proyecto usb\usb.c" Line 159(8,9): Can not change device type this far into the code
*** Error 48 "c:\users\matías\google drive\electronica\quinto año\técnicas digitales iii\proyecto usb\usb.c" Line 159(9,12): Expecting a (
*** Error 43 "c:\users\matías\google drive\electronica\quinto año\técnicas digitales iii\proyecto usb\usb.c" Line 159(13,14): Expecting a declaration
*** Error 23 "C:\Program Files (x86)\PICC\devices\18f4550.h" Line 2(8,9): Can not change device type this far into the code
*** Error 48 "C:\Program Files (x86)\PICC\devices\18f4550.h" Line 204(2,6): Expecting a (
*** Error 48 "C:\Program Files (x86)\PICC\devices\18f4550.h" Line 204(21,26): Expecting a (
*** Error 43 "C:\Program Files (x86)\PICC\devices\18f4550.h" Line 204(0,1): Expecting a declaration
*** Error 23 "c:\users\matías\google drive\electronica\quinto año\técnicas digitales iii\proyecto usb\usb.c" Line 159(8,9): Can not change device type this far into the code
*** Error 48 "c:\users\matías\google drive\electronica\quinto año\técnicas digitales iii\proyecto usb\usb.c" Line 159(9,12): Expecting a (
*** Error 43 "c:\users\matías\google drive\electronica\quinto año\técnicas digitales iii\proyecto usb\usb.c" Line 159(13,14): Expecting a declaration
*** Error 23 "C:\Program Files (x86)\PICC\devices\18f4550.h" Line 2(8,9): Can not change device type this far into the code
*** Error 48 "C:\Program Files (x86)\PICC\devices\18f4550.h" Line 204(2,6): Expecting a (
*** Error 48 "C:\Program Files (x86)\PICC\devices\18f4550.h" Line 204(21,26): Expecting a (
*** Error 43 "C:\Program Files (x86)\PICC\devices\18f4550.h" Line 204(0,1): Expecting a declaration
*** Error 23 "c:\users\matías\google drive\electronica\quinto año\técnicas digitales iii\proyecto usb\usb.c" Line 159(8,9): Can not change device type this far into the code
*** Error 48 "c:\users\matías\google drive\electronica\quinto año\técnicas digitales iii\proyecto usb\usb.c" Line 159(9,12): Expecting a (
*** Error 43 "c:\users\matías\google drive\electronica\quinto año\técnicas digitales iii\proyecto usb\usb.c" Line 159(13,14): Expecting a declaration
*** Error 23 "C:\Program Files (x86)\PICC\devices\18f4550.h" Line 2(8,9): Can not change device type this far into the code
*** Error 48 "C:\Program Files (x86)\PICC\devices\18f4550.h" Line 204(2,6): Expecting a (
*** Error 48 "C:\Program Files (x86)\PICC\devices\18f4550.h" Line 204(21,26): Expecting a (
*** Error 43 "C:\Program Files (x86)\PICC\devices\18f4550.h" Line 204(0,1): Expecting a declaration
*** Error 23 "c:\users\matías\google drive\electronica\quinto año\técnicas digitales iii\proyecto usb\usb.c" Line 159(8,9): Can not change device type this far into the code
*** Error 48 "c:\users\matías\google drive\electronica\quinto año\técnicas digitales iii\proyecto usb\usb.c" Line 159(9,12): Expecting a (
*** Error 43 "c:\users\matías\google drive\electronica\quinto año\técnicas digitales iii\proyecto usb\usb.c" Line 159(13,14): Expecting a declaration
*** Error 23 "C:\Program Files (x86)\PICC\devices\18f4550.h" Line 2(8,9): Can not change device type this far into the code
*** Error 48 "C:\Program Files (x86)\PICC\devices\18f4550.h" Line 204(2,6): Expecting a (
*** Error 48 "C:\Program Files (x86)\PICC\devices\18f4550.h" Line 204(21,26): Expecting a (
*** Error 43 "C:\Program Files (x86)\PICC\devices\18f4550.h" Line 204(0,1): Expecting a declaration
*** Error 23 "c:\users\matías\google drive\electronica\quinto año\técnicas digitales iii\proyecto usb\usb.c" Line 159(8,9): Can not change device type this far into the code
*** Error 48 "c:\users\matías\google drive\electronica\quinto año\técnicas digitales iii\proyecto usb\usb.c" Line 159(9,12): Expecting a (
*** Error 43 "c:\users\matías\google drive\electronica\quinto año\técnicas digitales iii\proyecto usb\usb.c" Line 159(13,14): Expecting a declaration
*** Error 23 "C:\Program Files (x86)\PICC\devices\18f4550.h" Line 2(8,9): Can not change device type this far into the code
*** Error 48 "C:\Program Files (x86)\PICC\devices\18f4550.h" Line 204(2,6): Expecting a (
*** Error 48 "C:\Program Files (x86)\PICC\devices\18f4550.h" Line 204(21,26): Expecting a (
*** Error 43 "C:\Program Files (x86)\PICC\devices\18f4550.h" Line 204(0,1): Expecting a declaration
*** Error 23 "c:\users\matías\google drive\electronica\quinto año\técnicas digitales iii\proyecto usb\usb.c" Line 159(8,9): Can not change device type this far into the code
*** Error 48 "c:\users\matías\google drive\electronica\quinto año\técnicas digitales iii\proyecto usb\usb.c" Line 159(9,12): Expecting a (
*** Error 43 "c:\users\matías\google drive\electronica\quinto año\técnicas digitales iii\proyecto usb\usb.c" Line 159(13,14): Expecting a declaration
*** Error 23 "C:\Program Files (x86)\PICC\devices\18f4550.h" Line 2(8,9): Can not change device type this far into the code
*** Error 48 "C:\Program Files (x86)\PICC\devices\18f4550.h" Line 204(2,6): Expecting a (
*** Error 48 "C:\Program Files (x86)\PICC\devices\18f4550.h" Line 204(21,26): Expecting a (
*** Error 43 "C:\Program Files (x86)\PICC\devices\18f4550.h" Line 204(0,1): Expecting a declaration
*** Error 23 "c:\users\matías\google drive\electronica\quinto año\técnicas digitales iii\proyecto usb\usb.c" Line 159(8,9): Can not change device type this far into the code
*** Error 48 "c:\users\matías\google drive\electronica\quinto año\técnicas digitales iii\proyecto usb\usb.c" Line 159(9,12): Expecting a (
*** Error 43 "c:\users\matías\google drive\electronica\quinto año\técnicas digitales iii\proyecto usb\usb.c" Line 159(13,14): Expecting a declaration
*** Error 23 "C:\Program Files (x86)\PICC\devices\18f4550.h" Line 2(8,9): Can not change device type this far into the code
*** Error 48 "C:\Program Files (x86)\PICC\devices\18f4550.h" Line 204(2,6): Expecting a (
*** Error 48 "C:\Program Files (x86)\PICC\devices\18f4550.h" Line 204(21,26): Expecting a (
*** Error 43 "C:\Program Files (x86)\PICC\devices\18f4550.h" Line 204(0,1): Expecting a declaration
*** Error 23 "c:\users\matías\google drive\electronica\quinto año\técnicas digitales iii\proyecto usb\usb.c" Line 159(8,9): Can not change device type this far into the code
*** Error 48 "c:\users\matías\google drive\electronica\quinto año\técnicas digitales iii\proyecto usb\usb.c" Line 159(9,12): Expecting a (
*** Error 43 "c:\users\matías\google drive\electronica\quinto año\técnicas digitales iii\proyecto usb\usb.c" Line 159(13,14): Expecting a declaration
*** Error 23 "C:\Program Files (x86)\PICC\devices\18f4550.h" Line 2(8,9): Can not change device type this far into the code
*** Error 48 "C:\Program Files (x86)\PICC\devices\18f4550.h" Line 204(2,6): Expecting a (
*** Error 48 "C:\Program Files (x86)\PICC\devices\18f4550.h" Line 204(21,26): Expecting a (
*** Error 43 "C:\Program Files (x86)\PICC\devices\18f4550.h" Line 204(0,1): Expecting a declaration
*** Error 23 "c:\users\matías\google drive\electronica\quinto año\técnicas digitales iii\proyecto usb\usb.c" Line 159(8,9): Can not change device type this far into the code
*** Error 48 "c:\users\matías\google drive\electronica\quinto año\técnicas digitales iii\proyecto usb\usb.c" Line 159(9,12): Expecting a (
*** Error 43 "c:\users\matías\google drive\electronica\quinto año\técnicas digitales iii\proyecto usb\usb.c" Line 159(13,14): Expecting a declaration
*** Error 23 "C:\Program Files (x86)\PICC\devices\18f4550.h" Line 2(8,9): Can not change device type this far into the code
*** Error 48 "C:\Program Files (x86)\PICC\devices\18f4550.h" Line 204(2,6): Expecting a (
*** Error 48 "C:\Program Files (x86)\PICC\devices\18f4550.h" Line 204(21,26): Expecting a (
*** Error 43 "C:\Program Files (x86)\PICC\devices\18f4550.h" Line 204(0,1): Expecting a declaration
*** Error 23 "c:\users\matías\google drive\electronica\quinto año\técnicas digitales iii\proyecto usb\usb.c" Line 159(8,9): Can not change device type this far into the code
*** Error 48 "c:\users\matías\google drive\electronica\quinto año\técnicas digitales iii\proyecto usb\usb.c" Line 159(9,12): Expecting a (
*** Error 43 "c:\users\matías\google drive\electronica\quinto año\técnicas digitales iii\proyecto usb\usb.c" Line 159(13,14): Expecting a declaration
*** Error 23 "C:\Program Files (x86)\PICC\devices\18f4550.h" Line 2(8,9): Can not change device type this far into the code
*** Error 48 "C:\Program Files (x86)\PICC\devices\18f4550.h" Line 204(2,6): Expecting a (
*** Error 48 "C:\Program Files (x86)\PICC\devices\18f4550.h" Line 204(21,26): Expecting a (
*** Error 43 "C:\Program Files (x86)\PICC\devices\18f4550.h" Line 204(0,1): Expecting a declaration
*** Error 23 "c:\users\matías\google drive\electronica\quinto año\técnicas digitales iii\proyecto usb\usb.c" Line 159(8,9): Can not change device type this far into the code
*** Error 48 "c:\users\matías\google drive\electronica\quinto año\técnicas digitales iii\proyecto usb\usb.c" Line 159(9,12): Expecting a (
*** Error 43 "c:\users\matías\google drive\electronica\quinto año\técnicas digitales iii\proyecto usb\usb.c" Line 159(13,14): Expecting a declaration
*** Error 23 "C:\Program Files (x86)\PICC\devices\18f4550.h" Line 2(8,9): Can not change device type this far into the code
*** Error 48 "C:\Program Files (x86)\PICC\devices\18f4550.h" Line 204(2,6): Expecting a (
      100 Errors,  0 Warnings.
Build Failed.
