
ROM used:   3838 (23%)
            3838 (23%) including unused fragments

            0 Average locations per line
            3 Average locations per statement

RAM used:   169 (22%) at main() level
            203 (26%) worst case

Stack used: 13/31 worst case (4 in main + 9 for interrupts)

Lines Stmts  %   Files
----- ----- ---  -----
  124    39   3  18F14K50.c
  485     0   0  ..\..\..\..\..\..\..\..\..\Program Files (x86)\PICC\devices\18F14K50.h
  224     0   0  pic18_usb.h
  328     0   0  usb_hw_layer.h
  158     0   0  rr2_USB_Monitor.h
 1100     0   0  usb.h
  866   219  17  usb.c
 1382   320  24  pic18_usb.c
 2229   257  19  math.h
 1351   359  27  stdlib.h
   32     0   0  stddef.h
  423   125   9  string.h
   28     0   0  ctype.h
----- -----
 8730  1319 Total

Page ROM  %  RAM   Vol Diff  Functions:
---- --- --- ---   --- ----  ----------
0     40   1   1             @delay_ms1
0     10   0   0             @PUTCHARI_BIU_1
0     32   0   0   288  6.0  @const175
0     48   1   0   346  7.5  @const181
0     48   1   0   475  7.2  @const187
0     18   0   0   129  4.6  @const190
0     34   0   0   436  7.9  @const193
0     20   0   0             @const196
0     70   1   0             @const199
0     56   1   4   139  4.3  usb_kbhit
0     66   1   4   139  4.3  usb_tbe
0     34   0   1   136  2.3  usb_detach
0     34   0   0   136  2.2  usb_attach
0      6   0   0    16  1.0  usb_init_cs
0     34   0   1   362  5.0  usb_task
0     14   0   0    61  2.5  usb_init
0    210   3   9  1092  5.4  usb_flush_in
0    182   2   9   914  5.0  usb_flush_out
0    190   2  12   652  5.9  usb_get_packet_buffer
0     64   1   5   154  3.9  usb_get_packet
0     70   1   6   258  4.6  usb_stall_ep
0     68   1   6   266  4.6  usb_unstall_ep
0     86   1   5   373  6.0  usb_endpoint_stalled
0     22   0   1    94  2.7  usb_set_address
0    370   5  12  1774 10.4  usb_set_configured
0     76   1   5   199  3.2  usb_disable_endpoint
0     22   0   1    99  3.0  usb_disable_endpoints
0      4   0   0    61  4.0  usb_clear_trn
0    126   2   2   656  6.7  usb_isr
0      6   0   0    43  2.0  usb_isr_sof
0     54   1   0   357  4.2  usb_isr_rst
0     32   0   0   508  4.0  usb_init_ep0_setup
0     12   0   0    74  2.8  usb_isr_uerr
0     10   0   0    82  2.8  usb_isr_uidle
0     16   0   0   102  3.3  usb_isr_activity
0     22   0   0   151  3.9  usb_isr_stall
0      6   0   1    30  1.7  usb_request_send_response
0      4   0   0    22  1.2  usb_request_stall
0    326   4   8  2041  7.9  usb_isr_tok_dne
0      8   0   0    29  1.9  usb_enumerated
0     12   0   0    52  2.1  usb_wait_for_enumeration
0     40   1   3   255  4.0  usb_token_reset
0     66   1   3   274  5.9  usb_endpoint_is_valid
0     22   0   1   158  3.1  usb_isr_tok_in_dne
0      6   0   1    53  1.9  usb_isr_tok_out_dne
0     42   1   0   293  5.9  usb_isr_tok_setup_dne
0    164   2   0  1454  8.3  usb_isr_tkn_setup_StandardDevice
0    140   2   3   939  7.7  usb_isr_tkn_setup_StandardInterface
0     94   1   0   753  5.8  usb_isr_tkn_setup_StandardEndpoint
0    124   2   0   790  7.7  usb_Get_Descriptor
0     14   0   0    76  1.8  usb_finish_set_address
0    120   2   4   598  8.0  usb_copy_desc_seg_to_ep
0    274   4   0  1201  5.4  MAIN
 Inline        0             @cinit1

Program metrics:
    Functions               49
    Statements              1319
    Comments                3202
    Volume (V)              36619
    Difficulty (D)          230.2
    Effort to implement (E) 8428658
    Time to implement (T)   130 hours, 4 minutes
    Est Delivered Bugs (B)  14
    Cyclomatic Complexity   117
    Maintainability (MI)    81

 Segment     Used  Free
-----------  ----  ----
00000-00002     4  0  
00004-00006     4  0  
00008-000AC   166  0  
000AE-03FFE  3664  12546  



